<?xml version="1.0" encoding="UTF-8"?>
<!-- Generated by org.testng.reporters.JUnitXMLReporter -->
<testsuite ignored="7" hostname="PROBOOK" failures="0" tests="2" name="Default test" time="1.346" errors="0" timestamp="2024-09-01T20:24:47 EET">
  <testcase classname="lesson9.myTestCase" name="myLoginTest" time="0.275"/>
  <testcase classname="lesson9.myTestCase" name="addItemPriceAbove15" time="0.188"/>
  <testcase classname="lesson9.myTestCase" name="AddAllItemContainsLabs" time="0.0">
    <ignored/>
  </testcase> <!-- AddAllItemContainsLabs -->
  <testcase classname="lesson9.myTestCase" name="AddOneFoureAndSkipThem" time="0.0">
    <ignored/>
  </testcase> <!-- AddOneFoureAndSkipThem -->
  <testcase classname="lesson9.myTestCase" name="AddAllItemAndSkipTheThree" time="0.0">
    <ignored/>
  </testcase> <!-- AddAllItemAndSkipTheThree -->
  <testcase classname="lesson9.myTestCase" name="myAddItem" time="0.0">
    <ignored/>
  </testcase> <!-- myAddItem -->
  <testcase classname="lesson9.myTestCase" name="addOneAndSkipTheNextOne" time="0.0">
    <ignored/>
  </testcase> <!-- addOneAndSkipTheNextOne -->
  <testcase classname="lesson9.myTestCase" name="SkipAndAddOneTheNext" time="0.0">
    <ignored/>
  </testcase> <!-- SkipAndAddOneTheNext -->
  <testcase classname="lesson9.myTestCase" name="AddAllItemContainsnotLabs" time="0.0">
    <ignored/>
  </testcase> <!-- AddAllItemContainsnotLabs -->
</testsuite> <!-- Default test -->
