<?xml version="1.0" encoding="UTF-8"?>
<testng-results ignored="7" total="9" passed="2" failed="0" skipped="0">
  <reporter-output>
  </reporter-output>
  <suite started-at="2024-09-01T20:24:45 EET" name="Default suite" finished-at="2024-09-01T20:24:47 EET" duration-ms="1346">
    <groups>
    </groups>
    <test started-at="2024-09-01T20:24:45 EET" name="Default test" finished-at="2024-09-01T20:24:47 EET" duration-ms="1346">
      <class name="lesson9.myTestCase">
        <test-method is-config="true" signature="mySetup()[pri:0, instance:lesson9.myTestCase@67c2e933]" started-at="2024-09-01T20:24:45 EET" name="mySetup" finished-at="2024-09-01T20:24:46 EET" duration-ms="858" status="PASS">
          <reporter-output>
          </reporter-output>
        </test-method> <!-- mySetup -->
        <test-method signature="myLoginTest()[pri:1, instance:lesson9.myTestCase@67c2e933]" started-at="2024-09-01T20:24:46 EET" name="myLoginTest" finished-at="2024-09-01T20:24:47 EET" duration-ms="275" status="PASS">
          <reporter-output>
          </reporter-output>
        </test-method> <!-- myLoginTest -->
        <test-method signature="addItemPriceAbove15()[pri:9, instance:lesson9.myTestCase@67c2e933]" started-at="2024-09-01T20:24:47 EET" name="addItemPriceAbove15" finished-at="2024-09-01T20:24:47 EET" duration-ms="188" status="PASS">
          <reporter-output>
          </reporter-output>
        </test-method> <!-- addItemPriceAbove15 -->
      </class> <!-- lesson9.myTestCase -->
    </test> <!-- Default test -->
  </suite> <!-- Default suite -->
</testng-results>
